<?xml version="1.0" encoding="UTF-8"?>
<!-- Generated by org.testng.reporters.JUnitReportReporter -->
<testsuite name="Selenium.Seleniumlinls" tests="1" time="39.075" ignored="0" failures="0" timestamp="13 Nov 2019 15:05:25 GMT" skipped="0" hostname="DESKTOP-8MPQ5J1" errors="0">
  <testcase name="f" time="39.075" classname="Selenium.Seleniumlinls"/>
</testsuite> <!-- Selenium.Seleniumlinls -->
