<?xml version="1.0" encoding="UTF-8"?>
<!-- Generated by org.testng.reporters.JUnitReportReporter -->
<testsuite skipped="0" hostname="DESKTOP-8MPQ5J1" name="com.testScripts.HMSTestSCR_1" tests="1" failures="0" timestamp="09 Jul 2019 16:27:33 GMT" time="32.187" errors="0">
  <testcase name="f" time="32.187" classname="com.testScripts.HMSTestSCR_1"/>
</testsuite> <!-- com.testScripts.HMSTestSCR_1 -->
