<?xml version="1.0" encoding="UTF-8"?>
<!-- Generated by org.testng.reporters.JUnitReportReporter -->
<testsuite skipped="0" hostname="DESKTOP-8MPQ5J1" name="Files.Create_Txt" tests="1" failures="0" timestamp="01 Jul 2019 05:08:13 GMT" time="0.047" errors="0">
  <testcase name="f" time="0.047" classname="Files.Create_Txt"/>
</testsuite> <!-- Files.Create_Txt -->
