<?xml version="1.0" encoding="UTF-8"?>
<!-- Generated by org.testng.reporters.JUnitReportReporter -->
<testsuite skipped="0" hostname="DESKTOP-8MPQ5J1" name="Files.Login" tests="1" failures="0" timestamp="04 Jul 2019 05:03:23 GMT" time="150.165" errors="0">
  <testcase name="f" time="150.165" classname="Files.Login"/>
</testsuite> <!-- Files.Login -->
