<?xml version="1.0" encoding="UTF-8"?>
<!-- Generated by org.testng.reporters.JUnitReportReporter -->
<testsuite skipped="0" hostname="DESKTOP-8MPQ5J1" name="Files.create_Html" tests="1" failures="0" timestamp="03 Jul 2019 05:05:18 GMT" time="0.031" errors="0">
  <testcase name="f" time="0.031" classname="Files.create_Html"/>
</testsuite> <!-- Files.create_Html -->
