<?xml version="1.0" encoding="UTF-8"?>
<!-- Generated by org.testng.reporters.JUnitReportReporter -->
<testsuite skipped="0" hostname="DESKTOP-8MPQ5J1" name="com.testScripts.GmailTestS_1" tests="1" failures="0" timestamp="05 Jul 2019 09:31:14 GMT" time="15.384" errors="0">
  <testcase name="f" time="15.384" classname="com.testScripts.GmailTestS_1"/>
</testsuite> <!-- com.testScripts.GmailTestS_1 -->
