<?xml version="1.0" encoding="UTF-8"?>
<!-- Generated by org.testng.reporters.JUnitReportReporter -->
<testsuite skipped="0" hostname="DESKTOP-8MPQ5J1" name="TestNG.Selenium4links" tests="2" failures="0" timestamp="13 Nov 2019 14:57:11 GMT" time="38.853" errors="0">
  <testcase name="g" time="13.257" classname="TestNG.Selenium4links"/>
  <testcase name="f" time="25.596" classname="TestNG.Selenium4links"/>
</testsuite> <!-- TestNG.Selenium4links -->
