<?xml version="1.0" encoding="UTF-8"?>
<!-- Generated by org.testng.reporters.JUnitReportReporter -->
<testsuite skipped="0" hostname="DESKTOP-8MPQ5J1" name="Files.Read_Write_html" tests="1" failures="0" timestamp="03 Jul 2019 05:33:54 GMT" time="1.462" errors="0">
  <testcase name="f" time="1.462" classname="Files.Read_Write_html"/>
</testsuite> <!-- Files.Read_Write_html -->
