<?xml version="1.0" encoding="UTF-8"?>
<!-- Generated by org.testng.reporters.JUnitReportReporter -->
<testsuite skipped="0" hostname="DESKTOP-8MPQ5J1" name="com.testScripts.GmailTestScript1" tests="1" failures="0" timestamp="05 Jul 2019 06:57:17 GMT" time="39.311" errors="0">
  <testcase name="f" time="39.311" classname="com.testScripts.GmailTestScript1"/>
</testsuite> <!-- com.testScripts.GmailTestScript1 -->
