<?xml version="1.0" encoding="UTF-8"?>
<!-- Generated by org.testng.reporters.JUnitReportReporter -->
<testsuite skipped="0" hostname="DESKTOP-8MPQ5J1" name="Files.NewTest" tests="1" failures="0" timestamp="08 Jul 2019 06:22:53 GMT" time="101.024" errors="0">
  <testcase name="f" time="101.024" classname="Files.NewTest"/>
</testsuite> <!-- Files.NewTest -->
