<?xml version="1.0" encoding="UTF-8"?>
<!-- Generated by org.testng.reporters.JUnitReportReporter -->
<testsuite skipped="0" hostname="DESKTOP-8MPQ5J1" name="POM.HMSLogin" tests="3" failures="0" timestamp="05 Nov 2019 07:19:16 GMT" time="33.888" errors="0">
  <testcase name="g" time="3.082" classname="POM.HMSLogin"/>
  <testcase name="h" time="2.337" classname="POM.HMSLogin"/>
  <testcase name="f" time="28.469" classname="POM.HMSLogin"/>
</testsuite> <!-- POM.HMSLogin -->
