<?xml version="1.0" encoding="UTF-8"?>
<!-- Generated by org.testng.reporters.JUnitReportReporter -->
<testsuite skipped="2" hostname="DESKTOP-8MPQ5J1" name="testNG_Spicejet.Corejavaprograms$CorejavaPrograms" tests="3" failures="0" timestamp="27 Jun 2019 14:51:10 GMT" time="0.040" errors="0">
  <testcase name="palindrome" time="0.040" classname="testNG_Spicejet.Corejavaprograms$CorejavaPrograms"/>
  <testcase name="stringComparisons" classname="testNG_Spicejet.Corejavaprograms$CorejavaPrograms">
    <skipped/>
  </testcase> <!-- stringComparisons -->
  <testcase name="reverseString" classname="testNG_Spicejet.Corejavaprograms$CorejavaPrograms">
    <skipped/>
  </testcase> <!-- reverseString -->
</testsuite> <!-- testNG_Spicejet.Corejavaprograms$CorejavaPrograms -->
