<?xml version="1.0" encoding="UTF-8"?>
<!-- Generated by org.testng.reporters.JUnitReportReporter -->
<testsuite skipped="0" hostname="DESKTOP-8MPQ5J1" name="Files.Read_Txt_File" tests="1" failures="0" timestamp="02 Jul 2019 06:03:42 GMT" time="1.480" errors="0">
  <testcase name="Mrows_cell" time="1.480" classname="Files.Read_Txt_File"/>
</testsuite> <!-- Files.Read_Txt_File -->
