<?xml version="1.0" encoding="UTF-8"?>
<!-- Generated by org.testng.reporters.JUnitReportReporter -->
<testsuite skipped="0" hostname="DESKTOP-8MPQ5J1" name="Appium_Basics.Whatsapp_prints" tests="1" failures="0" timestamp="24 Jul 2019 07:56:00 GMT" time="41.104" errors="0">
  <testcase name="f" time="41.104" classname="Appium_Basics.Whatsapp_prints"/>
</testsuite> <!-- Appium_Basics.Whatsapp_prints -->
